<?xml version="1.0" encoding="UTF-8"?>
<!-- Generated by org.testng.reporters.JUnitReportReporter -->
<testsuite hostname="Roopareddy" failures="0" tests="1" name="rahulshettyacademy.Tests.StandaloneTest" time="12.247" errors="0" timestamp="2025-07-27T07:18:47 IST" skipped="0">
  <testcase classname="rahulshettyacademy.Tests.StandaloneTest" name="standAlone" time="12.247"/>
</testsuite> <!-- rahulshettyacademy.Tests.StandaloneTest -->
