<?xml version="1.0" encoding="UTF-8"?>
<!-- Generated by org.testng.reporters.JUnitReportReporter -->
<testsuite hostname="Roopareddy" failures="0" tests="3" name="rahulshettyacademy.Tests.SubmitOrderTest" time="23.105" errors="0" timestamp="2025-07-30T18:35:50 IST" skipped="0">
  <testcase classname="rahulshettyacademy.Tests.SubmitOrderTest" name="submitOrder" time="9.988"/>
  <testcase classname="rahulshettyacademy.Tests.SubmitOrderTest" name="orderHistoryTest" time="2.633"/>
  <testcase classname="rahulshettyacademy.Tests.SubmitOrderTest" name="submitOrder" time="10.484"/>
</testsuite> <!-- rahulshettyacademy.Tests.SubmitOrderTest -->
