<?xml version="1.0" encoding="UTF-8"?>
<!-- Generated by org.testng.reporters.JUnitReportReporter -->
<testsuite hostname="Roopareddy" failures="0" tests="1" name="rahulshettyacademy.SeleniumFramework.StandaloneProject" time="10.454" errors="0" timestamp="2025-07-26T11:29:42 IST" skipped="0">
  <testcase classname="rahulshettyacademy.SeleniumFramework.StandaloneProject" name="standAlone" time="10.454"/>
</testsuite> <!-- rahulshettyacademy.SeleniumFramework.StandaloneProject -->
