<?xml version="1.0" encoding="UTF-8"?>
<!-- Generated by org.testng.reporters.JUnitReportReporter -->
<testsuite hostname="Roopareddy" failures="0" tests="2" name="cucumber.TestNGTestRunner" time="19.128" errors="0" timestamp="2025-08-01T20:09:13 IST" skipped="0">
  <testcase classname="cucumber.TestNGTestRunner" name="runScenario" time="10.264"/>
  <testcase classname="cucumber.TestNGTestRunner" name="runScenario" time="8.864"/>
</testsuite> <!-- cucumber.TestNGTestRunner -->
