<?xml version="1.0" encoding="UTF-8"?>
<!-- Generated by org.testng.reporters.JUnitReportReporter -->
<testsuite hostname="Roopareddy" failures="0" tests="2" name="rahulshettyacademy.Tests.ErrorValidationsTest" time="8.653" errors="0" timestamp="2025-07-29T15:26:56 IST" skipped="0">
  <testcase classname="rahulshettyacademy.Tests.ErrorValidationsTest" name="loginErrorValidation" time="4.077"/>
  <testcase classname="rahulshettyacademy.Tests.ErrorValidationsTest" name="cartProductErrorValidation" time="4.576"/>
</testsuite> <!-- rahulshettyacademy.Tests.ErrorValidationsTest -->
