<?xml version="1.0" encoding="UTF-8"?>
<!-- Generated by org.testng.reporters.JUnitReportReporter -->
<testsuite hostname="Roopareddy" failures="0" tests="3" name="rahulshettyacademy.Tests.SubmitOrderTest" time="20.924" errors="0" timestamp="2025-08-01T20:16:54 IST" skipped="0">
  <testcase classname="rahulshettyacademy.Tests.SubmitOrderTest" name="submitOrder" time="9.165"/>
  <testcase classname="rahulshettyacademy.Tests.SubmitOrderTest" name="submitOrder" time="8.768"/>
  <testcase classname="rahulshettyacademy.Tests.SubmitOrderTest" name="orderHistoryTest" time="2.991"/>
</testsuite> <!-- rahulshettyacademy.Tests.SubmitOrderTest -->
