<?xml version="1.0" encoding="UTF-8"?>
<!-- Generated by org.testng.reporters.JUnitReportReporter -->
<testsuite hostname="Roopareddy" failures="0" tests="2" name="rahulshettyacademy.Tests.ErrorValidationsTest" time="8.154" errors="0" timestamp="2025-08-01T20:16:54 IST" skipped="0">
  <testcase classname="rahulshettyacademy.Tests.ErrorValidationsTest" name="loginErrorValidation" time="2.963"/>
  <testcase classname="rahulshettyacademy.Tests.ErrorValidationsTest" name="cartProductErrorValidation" time="5.191"/>
</testsuite> <!-- rahulshettyacademy.Tests.ErrorValidationsTest -->
