<?xml version="1.0" encoding="UTF-8"?>
<!-- Generated by org.testng.reporters.JUnitReportReporter -->
<testsuite hostname="Roopareddy" failures="0" tests="2" name="cucumber.TestNGTestRunner" time="18.164" errors="0" timestamp="2025-08-01T20:17:25 IST" skipped="0">
  <testcase classname="cucumber.TestNGTestRunner" name="runScenario" time="8.789"/>
  <testcase classname="cucumber.TestNGTestRunner" name="runScenario" time="9.375"/>
</testsuite> <!-- cucumber.TestNGTestRunner -->
